<?xml version="1.0" encoding="UTF-8"?>
<!-- Generated by org.testng.reporters.JUnitXMLReporter -->
<testsuite hostname="DESKTOP-SJR51RF" name="Test" tests="11" failures="0" timestamp="14 Oct 2017 10:34:02 GMT" time="84.973" errors="0">
  <testcase name="login" time="0.574" classname="crm.com.webtest.customerTest"/>
  <testcase name="addCustCaseOne" time="9.198" classname="crm.com.webtest.customerTest"/>
  <testcase name="addCustCaseSix" time="6.508" classname="crm.com.webtest.customerTest"/>
  <testcase name="findCustCaseOne" time="15.115" classname="crm.com.webtest.customerTest"/>
  <testcase name="findCustCaseTwo" time="6.689" classname="crm.com.webtest.customerTest"/>
  <testcase name="login" time="0.431" classname="crm.com.webtest.customerFindTest"/>
  <testcase name="FindCaseThree" time="5.863" classname="crm.com.webtest.customerFindTest"/>
  <testcase name="login" time="0.394" classname="crm.com.webtest.customerEditTest"/>
  <testcase name="editSucessOne" time="13.631" classname="crm.com.webtest.customerEditTest"/>
  <testcase name="editSucessTwo" time="8.359" classname="crm.com.webtest.customerEditTest"/>
  <testcase name="editCompare" time="1.045" classname="crm.com.webtest.customerEditTest"/>
</testsuite> <!-- Test -->
